DEBUG:root:Database Host: 127.0.0.1
DEBUG:root:Database Port: 5432
DEBUG:root:Database Name: project
DEBUG:root:Database User: tarun
DEBUG:root:Database Password: 
INFO:root:Connecting to database...
ERROR:root:Connection to database failed with error: <class 'psycopg2.OperationalError'>
DEBUG:root:Database Host: 127.0.0.1
DEBUG:root:Database Port: 5432
DEBUG:root:Database Name: project
DEBUG:root:Database User: tarun
DEBUG:root:Database Password: Hello
INFO:root:Connecting to database...
INFO:root:Connected to Database!
INFO:werkzeug: * Running on http://127.0.0.1:5000/ (Press CTRL+C to quit)
INFO:werkzeug: * Restarting with stat
DEBUG:root:Database Host: 127.0.0.1
DEBUG:root:Database Port: 5432
DEBUG:root:Database Name: project
DEBUG:root:Database User: tarun
DEBUG:root:Database Password: Hello
INFO:root:Connecting to database...
INFO:root:Connected to Database!
WARNING:werkzeug: * Debugger is active!
INFO:werkzeug: * Debugger PIN: 131-056-520
INFO:werkzeug:127.0.0.1 - - [18/Feb/2022 22:56:26] "[32mGET / HTTP/1.1[0m" 302 -
INFO:werkzeug:127.0.0.1 - - [18/Feb/2022 22:56:27] "[37mGET /login?next=%2F HTTP/1.1[0m" 200 -
INFO:werkzeug:127.0.0.1 - - [18/Feb/2022 22:56:27] "[37mGET /static/index.js HTTP/1.1[0m" 200 -
INFO:werkzeug:127.0.0.1 - - [18/Feb/2022 22:56:27] "[37mGET /static/logo.png HTTP/1.1[0m" 200 -
INFO:werkzeug:127.0.0.1 - - [18/Feb/2022 22:56:29] "[33mGET /favicon.ico HTTP/1.1[0m" 404 -
INFO:werkzeug:127.0.0.1 - - [18/Feb/2022 22:56:36] "[37mGET /sign-up HTTP/1.1[0m" 200 -
DEBUG:root:Got Sign Up request with handle: pratkpranav, firstname: Pratik, lastname: Pranav, country: India, password1: Hello, password2: Hello
DEBUG:root:Querying User with Handle pratkpranav:
DEBUG:root:
                        SELECT *
                        FROM users
                        WHERE users.handle = 'pratkpranav';
                   
CRITICAL:root:Error querying the users table: relation "users" does not exist
LINE 3:                         FROM users
                                     ^

DEBUG:root:User entred a small password
INFO:werkzeug:127.0.0.1 - - [18/Feb/2022 22:57:00] "[37mPOST /sign-up HTTP/1.1[0m" 200 -
DEBUG:root:Got Sign Up request with handle: pratkpranav, firstname: Pratik, lastname: Pranav, country: India, password1: 7667485001, password2: 7667485001
DEBUG:root:Querying User with Handle pratkpranav:
DEBUG:root:
                        SELECT *
                        FROM users
                        WHERE users.handle = 'pratkpranav';
                   
CRITICAL:root:Error querying the users table: current transaction is aborted, commands ignored until end of transaction block

INFO:werkzeug:127.0.0.1 - - [18/Feb/2022 22:57:55] "[35m[1mPOST /sign-up HTTP/1.1[0m" 500 -
INFO:werkzeug:127.0.0.1 - - [18/Feb/2022 22:57:56] "[37mGET /sign-up?__debugger__=yes&cmd=resource&f=style.css HTTP/1.1[0m" 200 -
INFO:werkzeug:127.0.0.1 - - [18/Feb/2022 22:57:56] "[37mGET /sign-up?__debugger__=yes&cmd=resource&f=jquery.js HTTP/1.1[0m" 200 -
INFO:werkzeug:127.0.0.1 - - [18/Feb/2022 22:57:56] "[37mGET /sign-up?__debugger__=yes&cmd=resource&f=debugger.js HTTP/1.1[0m" 200 -
INFO:werkzeug:127.0.0.1 - - [18/Feb/2022 22:57:56] "[37mGET /sign-up?__debugger__=yes&cmd=resource&f=console.png HTTP/1.1[0m" 200 -
INFO:werkzeug:127.0.0.1 - - [18/Feb/2022 22:57:56] "[37mGET /sign-up?__debugger__=yes&cmd=resource&f=console.png HTTP/1.1[0m" 200 -
INFO:werkzeug:127.0.0.1 - - [18/Feb/2022 22:58:20] "[32mGET / HTTP/1.1[0m" 302 -
INFO:werkzeug:127.0.0.1 - - [18/Feb/2022 22:58:20] "[37mGET /login?next=%2F HTTP/1.1[0m" 200 -
INFO:werkzeug:127.0.0.1 - - [18/Feb/2022 23:09:28] "[37mGET /sign-up HTTP/1.1[0m" 200 -
DEBUG:root:Got Sign Up request with handle: pratkpranav, firstname: Pratik, lastname: Pranav, country: India, password1: 7667485001, password2: 7667485001
DEBUG:root:Querying User with Handle pratkpranav:
DEBUG:root:
                        SELECT *
                        FROM users
                        WHERE users.handle = 'pratkpranav';
                   
CRITICAL:root:Error querying the users table: current transaction is aborted, commands ignored until end of transaction block

INFO:werkzeug:127.0.0.1 - - [18/Feb/2022 23:09:59] "[35m[1mPOST /sign-up HTTP/1.1[0m" 500 -
INFO:werkzeug:127.0.0.1 - - [18/Feb/2022 23:09:59] "[37mGET /sign-up?__debugger__=yes&cmd=resource&f=style.css HTTP/1.1[0m" 200 -
INFO:werkzeug:127.0.0.1 - - [18/Feb/2022 23:09:59] "[37mGET /sign-up?__debugger__=yes&cmd=resource&f=jquery.js HTTP/1.1[0m" 200 -
INFO:werkzeug:127.0.0.1 - - [18/Feb/2022 23:09:59] "[37mGET /sign-up?__debugger__=yes&cmd=resource&f=debugger.js HTTP/1.1[0m" 200 -
INFO:werkzeug:127.0.0.1 - - [18/Feb/2022 23:09:59] "[37mGET /sign-up?__debugger__=yes&cmd=resource&f=console.png HTTP/1.1[0m" 200 -
INFO:werkzeug:127.0.0.1 - - [18/Feb/2022 23:09:59] "[37mGET /sign-up?__debugger__=yes&cmd=resource&f=console.png HTTP/1.1[0m" 200 -
INFO:werkzeug:127.0.0.1 - - [18/Feb/2022 23:14:19] "[32mGET / HTTP/1.1[0m" 302 -
INFO:werkzeug:127.0.0.1 - - [18/Feb/2022 23:14:19] "[37mGET /login?next=%2F HTTP/1.1[0m" 200 -
INFO:werkzeug:127.0.0.1 - - [18/Feb/2022 23:14:21] "[37mGET /sign-up HTTP/1.1[0m" 200 -
DEBUG:root:Got Sign Up request with handle: pratkpranav, firstname: Pratik, lastname: Pranav, country: India, password1: 7667485001, password2: 7667485001
DEBUG:root:Querying User with Handle pratkpranav:
DEBUG:root:
                        SELECT *
                        FROM users
                        WHERE users.handle = 'pratkpranav';
                   
CRITICAL:root:Error querying the users table: current transaction is aborted, commands ignored until end of transaction block

INFO:werkzeug:127.0.0.1 - - [18/Feb/2022 23:14:46] "[35m[1mPOST /sign-up HTTP/1.1[0m" 500 -
INFO:werkzeug:127.0.0.1 - - [18/Feb/2022 23:14:47] "[37mGET /sign-up?__debugger__=yes&cmd=resource&f=style.css HTTP/1.1[0m" 200 -
INFO:werkzeug:127.0.0.1 - - [18/Feb/2022 23:14:47] "[37mGET /sign-up?__debugger__=yes&cmd=resource&f=jquery.js HTTP/1.1[0m" 200 -
INFO:werkzeug:127.0.0.1 - - [18/Feb/2022 23:14:47] "[37mGET /sign-up?__debugger__=yes&cmd=resource&f=debugger.js HTTP/1.1[0m" 200 -
INFO:werkzeug:127.0.0.1 - - [18/Feb/2022 23:14:47] "[37mGET /sign-up?__debugger__=yes&cmd=resource&f=console.png HTTP/1.1[0m" 200 -
INFO:werkzeug:127.0.0.1 - - [18/Feb/2022 23:14:47] "[37mGET /sign-up?__debugger__=yes&cmd=resource&f=console.png HTTP/1.1[0m" 200 -
INFO:werkzeug:127.0.0.1 - - [18/Feb/2022 23:38:09] "[32mGET / HTTP/1.1[0m" 302 -
INFO:werkzeug:127.0.0.1 - - [18/Feb/2022 23:38:09] "[37mGET /login?next=%2F HTTP/1.1[0m" 200 -
INFO:werkzeug:127.0.0.1 - - [18/Feb/2022 23:38:11] "[37mGET /sign-up HTTP/1.1[0m" 200 -
INFO:werkzeug:127.0.0.1 - - [18/Feb/2022 23:38:12] "[37mGET /login HTTP/1.1[0m" 200 -
INFO:werkzeug: * Detected change in '/home/pratik/SEM_VIII/COL362/COL362-CodingSite/Codeforces/FlaskWeb/website/database.py', reloading
INFO:werkzeug: * Restarting with stat
DEBUG:root:Database Host: 127.0.0.1
DEBUG:root:Database Port: 5432
DEBUG:root:Database Name: project
DEBUG:root:Database User: tarun
DEBUG:root:Database Password: Hello
INFO:root:Connecting to database...
INFO:root:Connected to Database!
WARNING:werkzeug: * Debugger is active!
INFO:werkzeug: * Debugger PIN: 131-056-520
INFO:werkzeug: * Detected change in '/home/pratik/SEM_VIII/COL362/COL362-CodingSite/Codeforces/FlaskWeb/website/database.py', reloading
INFO:werkzeug: * Restarting with stat
DEBUG:root:Database Host: 127.0.0.1
DEBUG:root:Database Port: 5432
DEBUG:root:Database Name: project
DEBUG:root:Database User: tarun
DEBUG:root:Database Password: Hello
INFO:root:Connecting to database...
INFO:root:Connected to Database!
WARNING:werkzeug: * Debugger is active!
INFO:werkzeug: * Debugger PIN: 131-056-520
DEBUG:root:Database Host: 127.0.0.1
DEBUG:root:Database Port: 5432
DEBUG:root:Database Name: project
DEBUG:root:Database User: tarun
DEBUG:root:Database Password: Hello
INFO:root:Connecting to database...
INFO:root:Connected to Database!
INFO:werkzeug: * Running on http://127.0.0.1:5000/ (Press CTRL+C to quit)
INFO:werkzeug: * Restarting with stat
DEBUG:root:Database Host: 127.0.0.1
DEBUG:root:Database Port: 5432
DEBUG:root:Database Name: project
DEBUG:root:Database User: tarun
DEBUG:root:Database Password: Hello
INFO:root:Connecting to database...
INFO:root:Connected to Database!
WARNING:werkzeug: * Debugger is active!
INFO:werkzeug: * Debugger PIN: 131-056-520
INFO:werkzeug:127.0.0.1 - - [18/Feb/2022 23:49:24] "[37mGET / HTTP/1.1[0m" 200 -
INFO:werkzeug:127.0.0.1 - - [18/Feb/2022 23:49:28] "[37mGET /login HTTP/1.1[0m" 200 -
INFO:werkzeug:127.0.0.1 - - [18/Feb/2022 23:49:30] "[37mGET /sign-up HTTP/1.1[0m" 200 -
INFO:werkzeug:127.0.0.1 - - [18/Feb/2022 23:49:31] "[37mGET /login HTTP/1.1[0m" 200 -
INFO:werkzeug:127.0.0.1 - - [18/Feb/2022 23:49:33] "[37mGET / HTTP/1.1[0m" 200 -
INFO:werkzeug:127.0.0.1 - - [18/Feb/2022 23:53:47] "[37mGET / HTTP/1.1[0m" 200 -
INFO:werkzeug:127.0.0.1 - - [18/Feb/2022 23:53:50] "[37mGET /login HTTP/1.1[0m" 200 -
INFO:werkzeug:127.0.0.1 - - [18/Feb/2022 23:54:18] "[37mGET / HTTP/1.1[0m" 200 -
INFO:werkzeug:127.0.0.1 - - [18/Feb/2022 23:56:09] "[37mGET /sign-up HTTP/1.1[0m" 200 -
DEBUG:root:Got Sign Up request with handle: pratkpranav, firstname: Pratik, lastname: Pranav, country: India, password1: 7667485001, password2: 7667485001
DEBUG:root:Querying User with Handle pratkpranav:
DEBUG:root:
                        SELECT *
                        FROM users
                        WHERE users.handle = 'pratkpranav';
                   
DEBUG:root:[]
DEBUG:root:Adding user: ('pratkpranav', 'Pratik', 'Pranav', 'India', 1500, 0, 'sha256$giywUlsV$8032e0d15520636c4629cc5722eb4aee6c9545615d08446d3fa1c4a08f94ddc6') to users table
DEBUG:root:Insert query: 
                    INSERT INTO users VALUES ('pratkpranav', 'Pratik', 'Pranav', 'India', 1500, 0, 'sha256$giywUlsV$8032e0d15520636c4629cc5722eb4aee6c9545615d08446d3fa1c4a08f94ddc6');
                  
CRITICAL:root:Error inserting in the users table: INSERT has more expressions than target columns
LINE 2: ...atkpranav', 'Pratik', 'Pranav', 'India', 1500, 0, 'sha256$gi...
                                                             ^

INFO:werkzeug:127.0.0.1 - - [18/Feb/2022 23:56:40] "[32mPOST /sign-up HTTP/1.1[0m" 302 -
DEBUG:root:Querying User with Handle pratkpranav:
DEBUG:root:
                        SELECT *
                        FROM users
                        WHERE users.handle = 'pratkpranav';
                   
DEBUG:root:[]
DEBUG:root:Querying User with Handle pratkpranav:
DEBUG:root:
                        SELECT *
                        FROM users
                        WHERE users.handle = 'pratkpranav';
                   
DEBUG:root:[]
INFO:werkzeug:127.0.0.1 - - [18/Feb/2022 23:56:40] "[37mGET / HTTP/1.1[0m" 200 -
DEBUG:root:Querying User with Handle pratkpranav:
DEBUG:root:
                        SELECT *
                        FROM users
                        WHERE users.handle = 'pratkpranav';
                   
DEBUG:root:[]
DEBUG:root:Querying User with Handle pratkpranav:
DEBUG:root:
                        SELECT *
                        FROM users
                        WHERE users.handle = 'pratkpranav';
                   
DEBUG:root:[]
INFO:werkzeug:127.0.0.1 - - [18/Feb/2022 23:56:43] "[37mGET /login HTTP/1.1[0m" 200 -
DEBUG:root:POST request received with Handle:pratkpranav, Password:7667485001
DEBUG:root:Querying User with Handle pratkpranav:
DEBUG:root:
                        SELECT *
                        FROM users
                        WHERE users.handle = 'pratkpranav';
                   
DEBUG:root:[]
DEBUG:root:Handle does not exist
DEBUG:root:Querying User with Handle pratkpranav:
DEBUG:root:
                        SELECT *
                        FROM users
                        WHERE users.handle = 'pratkpranav';
                   
DEBUG:root:[]
DEBUG:root:Querying User with Handle pratkpranav:
DEBUG:root:
                        SELECT *
                        FROM users
                        WHERE users.handle = 'pratkpranav';
                   
DEBUG:root:[]
INFO:werkzeug:127.0.0.1 - - [18/Feb/2022 23:56:53] "[37mPOST /login HTTP/1.1[0m" 200 -
DEBUG:root:Database Host: 127.0.0.1
DEBUG:root:Database Port: 5432
DEBUG:root:Database Name: project
DEBUG:root:Database User: tarun
DEBUG:root:Database Password: Hello
INFO:root:Connecting to database...
INFO:root:Connected to Database!
INFO:werkzeug: * Running on http://127.0.0.1:5000/ (Press CTRL+C to quit)
INFO:werkzeug: * Restarting with stat
DEBUG:root:Database Host: 127.0.0.1
DEBUG:root:Database Port: 5432
DEBUG:root:Database Name: project
DEBUG:root:Database User: tarun
DEBUG:root:Database Password: Hello
INFO:root:Connecting to database...
INFO:root:Connected to Database!
WARNING:werkzeug: * Debugger is active!
INFO:werkzeug: * Debugger PIN: 131-056-520
DEBUG:root:POST request received with Handle:pratkpranav, Password:7667485001
DEBUG:root:Querying User with Handle pratkpranav:
DEBUG:root:
                        SELECT *
                        FROM users
                        WHERE users.handle = 'pratkpranav';
                   
DEBUG:root:[]
DEBUG:root:Handle does not exist
DEBUG:root:Querying User with Handle pratkpranav:
DEBUG:root:
                        SELECT *
                        FROM users
                        WHERE users.handle = 'pratkpranav';
                   
DEBUG:root:[]
DEBUG:root:Querying User with Handle pratkpranav:
DEBUG:root:
                        SELECT *
                        FROM users
                        WHERE users.handle = 'pratkpranav';
                   
DEBUG:root:[]
INFO:werkzeug:127.0.0.1 - - [19/Feb/2022 00:00:40] "[37mPOST /login HTTP/1.1[0m" 200 -
DEBUG:root:Querying User with Handle pratkpranav:
DEBUG:root:
                        SELECT *
                        FROM users
                        WHERE users.handle = 'pratkpranav';
                   
DEBUG:root:[]
DEBUG:root:Querying User with Handle pratkpranav:
DEBUG:root:
                        SELECT *
                        FROM users
                        WHERE users.handle = 'pratkpranav';
                   
DEBUG:root:[]
INFO:werkzeug:127.0.0.1 - - [19/Feb/2022 00:00:43] "[37mGET / HTTP/1.1[0m" 200 -
DEBUG:root:Querying User with Handle pratkpranav:
DEBUG:root:
                        SELECT *
                        FROM users
                        WHERE users.handle = 'pratkpranav';
                   
DEBUG:root:[]
DEBUG:root:Querying User with Handle pratkpranav:
DEBUG:root:
                        SELECT *
                        FROM users
                        WHERE users.handle = 'pratkpranav';
                   
DEBUG:root:[]
INFO:werkzeug:127.0.0.1 - - [19/Feb/2022 00:00:45] "[37mGET /sign-up HTTP/1.1[0m" 200 -
DEBUG:root:Got Sign Up request with handle: pratkpranav, firstname: Pratik, lastname: Pranav, country: India, password1: 7667485001, password2: 7667485001
DEBUG:root:Querying User with Handle pratkpranav:
DEBUG:root:
                        SELECT *
                        FROM users
                        WHERE users.handle = 'pratkpranav';
                   
DEBUG:root:[]
DEBUG:root:Adding user: ('pratkpranav', 'Pratik', 'Pranav', 'India', 1500, 0, 'sha256$Pthbq0p0$48c4cd6f4281a21f0d33cc1e737b68bcc82106f34e0ded16dc579a32343b4b7b') to users table
DEBUG:root:Insert query: 
                    INSERT INTO users VALUES ('pratkpranav', 'Pratik', 'Pranav', 'India', 1500, 0, 'sha256$Pthbq0p0$48c4cd6f4281a21f0d33cc1e737b68bcc82106f34e0ded16dc579a32343b4b7b');
                  
DEBUG:root:Insert query into users tables was successful
INFO:werkzeug:127.0.0.1 - - [19/Feb/2022 00:01:08] "[32mPOST /sign-up HTTP/1.1[0m" 302 -
DEBUG:root:Querying User with Handle pratkpranav:
DEBUG:root:
                        SELECT *
                        FROM users
                        WHERE users.handle = 'pratkpranav';
                   
DEBUG:root:[('pratkpranav', 'Pratik', 'Pranav', 'India', '1500', 0, 'sha256$Pthbq0p0$48c4cd6f4281a21f0d33cc1e737b68bcc82106f34e0ded16dc579a32343b4b7b')]
INFO:werkzeug:127.0.0.1 - - [19/Feb/2022 00:01:08] "[37mGET / HTTP/1.1[0m" 200 -
DEBUG:root:User: pratkpranav profile was requested
DEBUG:root:Querying User with Handle pratkpranav:
DEBUG:root:
                        SELECT *
                        FROM users
                        WHERE users.handle = 'pratkpranav';
                   
DEBUG:root:[('pratkpranav', 'Pratik', 'Pranav', 'India', '1500', 0, 'sha256$Pthbq0p0$48c4cd6f4281a21f0d33cc1e737b68bcc82106f34e0ded16dc579a32343b4b7b')]
INFO:werkzeug:127.0.0.1 - - [19/Feb/2022 00:01:34] "[37mGET /profile/pratkpranav HTTP/1.1[0m" 200 -
DEBUG:root:Querying User with Handle pratkpranav:
DEBUG:root:
                        SELECT *
                        FROM users
                        WHERE users.handle = 'pratkpranav';
                   
DEBUG:root:[('pratkpranav', 'Pratik', 'Pranav', 'India', '1500', 0, 'sha256$Pthbq0p0$48c4cd6f4281a21f0d33cc1e737b68bcc82106f34e0ded16dc579a32343b4b7b')]
INFO:werkzeug:127.0.0.1 - - [19/Feb/2022 01:20:12] "[37mGET / HTTP/1.1[0m" 200 -
DEBUG:root:Querying User with Handle pratkpranav:
DEBUG:root:
                        SELECT *
                        FROM users
                        WHERE users.handle = 'pratkpranav';
                   
DEBUG:root:[('pratkpranav', 'Pratik', 'Pranav', 'India', '1500', 0, 'sha256$Pthbq0p0$48c4cd6f4281a21f0d33cc1e737b68bcc82106f34e0ded16dc579a32343b4b7b')]
INFO:werkzeug:127.0.0.1 - - [19/Feb/2022 01:20:15] "[37mGET / HTTP/1.1[0m" 200 -
INFO:werkzeug: * Detected change in '/home/pratik/SEM_VIII/COL362/COL362-CodingSite/Codeforces/FlaskWeb/website/database.py', reloading
INFO:werkzeug: * Restarting with stat
DEBUG:root:Database Host: 127.0.0.1
DEBUG:root:Database Port: 5432
DEBUG:root:Database Name: project
DEBUG:root:Database User: tarun
DEBUG:root:Database Password: Hello
INFO:root:Connecting to database...
INFO:root:Connected to Database!
WARNING:werkzeug: * Debugger is active!
INFO:werkzeug: * Debugger PIN: 131-056-520
INFO:werkzeug: * Detected change in '/home/pratik/SEM_VIII/COL362/COL362-CodingSite/Codeforces/FlaskWeb/website/database.py', reloading
INFO:werkzeug: * Restarting with stat
DEBUG:root:Database Host: 127.0.0.1
DEBUG:root:Database Port: 5432
DEBUG:root:Database Name: project
DEBUG:root:Database User: tarun
DEBUG:root:Database Password: Hello
INFO:root:Connecting to database...
INFO:root:Connected to Database!
WARNING:werkzeug: * Debugger is active!
INFO:werkzeug: * Debugger PIN: 131-056-520
INFO:werkzeug: * Detected change in '/home/pratik/SEM_VIII/COL362/COL362-CodingSite/Codeforces/FlaskWeb/website/database.py', reloading
INFO:werkzeug: * Restarting with stat
DEBUG:root:Database Host: 127.0.0.1
DEBUG:root:Database Port: 5432
DEBUG:root:Database Name: project
DEBUG:root:Database User: tarun
DEBUG:root:Database Password: Hello
INFO:root:Connecting to database...
INFO:root:Connected to Database!
WARNING:werkzeug: * Debugger is active!
INFO:werkzeug: * Debugger PIN: 131-056-520
DEBUG:root:User: pratkpranav profile was requested
DEBUG:root:Querying User with Handle pratkpranav:
DEBUG:root:
                        SELECT *
                        FROM users
                        WHERE users.handle = 'pratkpranav';
                   
DEBUG:root:[('pratkpranav', 'Pratik', 'Pranav', 'India', '1500', 0, 'sha256$Pthbq0p0$48c4cd6f4281a21f0d33cc1e737b68bcc82106f34e0ded16dc579a32343b4b7b')]
INFO:werkzeug:127.0.0.1 - - [19/Feb/2022 01:49:20] "[37mGET /profile/pratkpranav HTTP/1.1[0m" 200 -
DEBUG:root:User: pratkpranav profile was requested
DEBUG:root:Querying User with Handle pratkpranav:
DEBUG:root:
                        SELECT *
                        FROM users
                        WHERE users.handle = 'pratkpranav';
                   
DEBUG:root:[('pratkpranav', 'Pratik', 'Pranav', 'India', '1500', 0, 'sha256$Pthbq0p0$48c4cd6f4281a21f0d33cc1e737b68bcc82106f34e0ded16dc579a32343b4b7b')]
INFO:werkzeug:127.0.0.1 - - [19/Feb/2022 02:14:51] "[37mGET /profile/pratkpranav HTTP/1.1[0m" 200 -
DEBUG:root:Querying User with Handle pratkpranav:
DEBUG:root:
                        SELECT *
                        FROM users
                        WHERE users.handle = 'pratkpranav';
                   
DEBUG:root:[('pratkpranav', 'Pratik', 'Pranav', 'India', '1500', 0, 'sha256$Pthbq0p0$48c4cd6f4281a21f0d33cc1e737b68bcc82106f34e0ded16dc579a32343b4b7b')]
DEBUG:root:Logging out user with handle: pratkpranav
DEBUG:root:Logout Successful, redirecting to login page
INFO:werkzeug:127.0.0.1 - - [19/Feb/2022 02:14:55] "[32mGET /logout HTTP/1.1[0m" 302 -
INFO:werkzeug:127.0.0.1 - - [19/Feb/2022 02:14:55] "[37mGET /login HTTP/1.1[0m" 200 -
DEBUG:root:POST request received with Handle:pratkpranav, Password:7667485001
DEBUG:root:Querying User with Handle pratkpranav:
DEBUG:root:
                        SELECT *
                        FROM users
                        WHERE users.handle = 'pratkpranav';
                   
DEBUG:root:[('pratkpranav', 'Pratik', 'Pranav', 'India', '1500', 0, 'sha256$Pthbq0p0$48c4cd6f4281a21f0d33cc1e737b68bcc82106f34e0ded16dc579a32343b4b7b')]
DEBUG:root:User pratkpranav found in database, matching password
DEBUG:root:Login for user pratkpranav sucessful, redirecting to home
INFO:werkzeug:127.0.0.1 - - [19/Feb/2022 02:15:05] "[32mPOST /login HTTP/1.1[0m" 302 -
DEBUG:root:Querying User with Handle pratkpranav:
DEBUG:root:
                        SELECT *
                        FROM users
                        WHERE users.handle = 'pratkpranav';
                   
DEBUG:root:[('pratkpranav', 'Pratik', 'Pranav', 'India', '1500', 0, 'sha256$Pthbq0p0$48c4cd6f4281a21f0d33cc1e737b68bcc82106f34e0ded16dc579a32343b4b7b')]
INFO:werkzeug:127.0.0.1 - - [19/Feb/2022 02:15:05] "[37mGET / HTTP/1.1[0m" 200 -
DEBUG:root:User: pratkpranav profile was requested
DEBUG:root:Querying User with Handle pratkpranav:
DEBUG:root:
                        SELECT *
                        FROM users
                        WHERE users.handle = 'pratkpranav';
                   
DEBUG:root:[('pratkpranav', 'Pratik', 'Pranav', 'India', '1500', 0, 'sha256$Pthbq0p0$48c4cd6f4281a21f0d33cc1e737b68bcc82106f34e0ded16dc579a32343b4b7b')]
INFO:werkzeug:127.0.0.1 - - [19/Feb/2022 02:15:08] "[37mGET /profile/pratkpranav HTTP/1.1[0m" 200 -
DEBUG:root:User: pratkpranav profile was requested
DEBUG:root:Querying User with Handle pratkpranav:
DEBUG:root:
                        SELECT *
                        FROM users
                        WHERE users.handle = 'pratkpranav';
                   
DEBUG:root:[('pratkpranav', 'Pratik', 'Pranav', 'India', '1500', 0, 'sha256$Pthbq0p0$48c4cd6f4281a21f0d33cc1e737b68bcc82106f34e0ded16dc579a32343b4b7b')]
INFO:werkzeug:127.0.0.1 - - [19/Feb/2022 02:15:16] "[37mGET /profile/pratkpranav HTTP/1.1[0m" 200 -
INFO:werkzeug: * Detected change in '/home/pratik/SEM_VIII/COL362/COL362-CodingSite/Codeforces/FlaskWeb/website/views.py', reloading
INFO:werkzeug: * Restarting with stat
DEBUG:root:Database Host: 127.0.0.1
DEBUG:root:Database Port: 5432
DEBUG:root:Database Name: project
DEBUG:root:Database User: tarun
DEBUG:root:Database Password: Hello
INFO:root:Connecting to database...
INFO:root:Connected to Database!
WARNING:werkzeug: * Debugger is active!
INFO:werkzeug: * Debugger PIN: 131-056-520
INFO:werkzeug: * Detected change in '/home/pratik/SEM_VIII/COL362/COL362-CodingSite/Codeforces/FlaskWeb/website/views.py', reloading
INFO:werkzeug: * Restarting with stat
DEBUG:root:Database Host: 127.0.0.1
DEBUG:root:Database Port: 5432
DEBUG:root:Database Name: project
DEBUG:root:Database User: tarun
DEBUG:root:Database Password: Hello
INFO:root:Connecting to database...
INFO:root:Connected to Database!
WARNING:werkzeug: * Debugger is active!
INFO:werkzeug: * Debugger PIN: 131-056-520
DEBUG:root:User: pratkpranav profile was requested
DEBUG:root:Querying User with Handle pratkpranav:
DEBUG:root:
                        SELECT *
                        FROM users
                        WHERE users.handle = 'pratkpranav';
                   
DEBUG:root:[('pratkpranav', 'Pratik', 'Pranav', 'India', '1500', 0, 'sha256$Pthbq0p0$48c4cd6f4281a21f0d33cc1e737b68bcc82106f34e0ded16dc579a32343b4b7b')]
INFO:werkzeug:127.0.0.1 - - [19/Feb/2022 02:18:07] "[35m[1mGET /profile/pratkpranav HTTP/1.1[0m" 500 -
INFO:werkzeug:127.0.0.1 - - [19/Feb/2022 02:18:09] "[37mGET /profile/pratkpranav?__debugger__=yes&cmd=resource&f=style.css HTTP/1.1[0m" 200 -
INFO:werkzeug:127.0.0.1 - - [19/Feb/2022 02:18:09] "[37mGET /profile/pratkpranav?__debugger__=yes&cmd=resource&f=jquery.js HTTP/1.1[0m" 200 -
INFO:werkzeug:127.0.0.1 - - [19/Feb/2022 02:18:09] "[37mGET /profile/pratkpranav?__debugger__=yes&cmd=resource&f=debugger.js HTTP/1.1[0m" 200 -
INFO:werkzeug:127.0.0.1 - - [19/Feb/2022 02:18:09] "[37mGET /profile/pratkpranav?__debugger__=yes&cmd=resource&f=console.png HTTP/1.1[0m" 200 -
INFO:werkzeug:127.0.0.1 - - [19/Feb/2022 02:18:09] "[37mGET /profile/pratkpranav?__debugger__=yes&cmd=resource&f=console.png HTTP/1.1[0m" 200 -
DEBUG:root:User: pratkpranav profile was requested
DEBUG:root:Querying User with Handle pratkpranav:
DEBUG:root:
                        SELECT *
                        FROM users
                        WHERE users.handle = 'pratkpranav';
                   
DEBUG:root:[('pratkpranav', 'Pratik', 'Pranav', 'India', '1500', 0, 'sha256$Pthbq0p0$48c4cd6f4281a21f0d33cc1e737b68bcc82106f34e0ded16dc579a32343b4b7b')]
INFO:werkzeug:127.0.0.1 - - [19/Feb/2022 02:18:50] "[37mGET /profile/pratkpranav HTTP/1.1[0m" 200 -
DEBUG:root:Querying User with Handle pratkpranav:
DEBUG:root:
                        SELECT *
                        FROM users
                        WHERE users.handle = 'pratkpranav';
                   
DEBUG:root:[('pratkpranav', 'Pratik', 'Pranav', 'India', '1500', 0, 'sha256$Pthbq0p0$48c4cd6f4281a21f0d33cc1e737b68bcc82106f34e0ded16dc579a32343b4b7b')]
INFO:werkzeug:127.0.0.1 - - [19/Feb/2022 02:22:38] "[37mGET / HTTP/1.1[0m" 200 -
DEBUG:root:User: pratkpranav profile was requested
DEBUG:root:Querying User with Handle pratkpranav:
DEBUG:root:
                        SELECT *
                        FROM users
                        WHERE users.handle = 'pratkpranav';
                   
DEBUG:root:[('pratkpranav', 'Pratik', 'Pranav', 'India', '1500', 0, 'sha256$Pthbq0p0$48c4cd6f4281a21f0d33cc1e737b68bcc82106f34e0ded16dc579a32343b4b7b')]
INFO:werkzeug:127.0.0.1 - - [19/Feb/2022 02:38:49] "[37mGET /profile/pratkpranav HTTP/1.1[0m" 200 -
DEBUG:root:User: pratkpranav profile was requested
DEBUG:root:Querying User with Handle pratkpranav:
DEBUG:root:
                        SELECT *
                        FROM users
                        WHERE users.handle = 'pratkpranav';
                   
DEBUG:root:[('pratkpranav', 'Pratik', 'Pranav', 'India', '1500', 0, 'sha256$Pthbq0p0$48c4cd6f4281a21f0d33cc1e737b68bcc82106f34e0ded16dc579a32343b4b7b')]
INFO:werkzeug:127.0.0.1 - - [19/Feb/2022 02:39:58] "[37mGET /profile/pratkpranav HTTP/1.1[0m" 200 -
DEBUG:root:User: pratkpranav profile was requested
DEBUG:root:Querying User with Handle pratkpranav:
DEBUG:root:
                        SELECT *
                        FROM users
                        WHERE users.handle = 'pratkpranav';
                   
DEBUG:root:[('pratkpranav', 'Pratik', 'Pranav', 'India', '1500', 0, 'sha256$Pthbq0p0$48c4cd6f4281a21f0d33cc1e737b68bcc82106f34e0ded16dc579a32343b4b7b')]
INFO:werkzeug:127.0.0.1 - - [19/Feb/2022 02:41:09] "[37mGET /profile/pratkpranav HTTP/1.1[0m" 200 -
DEBUG:root:User: pratkpranav profile was requested
DEBUG:root:Querying User with Handle pratkpranav:
DEBUG:root:
                        SELECT *
                        FROM users
                        WHERE users.handle = 'pratkpranav';
                   
DEBUG:root:[('pratkpranav', 'Pratik', 'Pranav', 'India', '1500', 0, 'sha256$Pthbq0p0$48c4cd6f4281a21f0d33cc1e737b68bcc82106f34e0ded16dc579a32343b4b7b')]
INFO:werkzeug:127.0.0.1 - - [19/Feb/2022 02:42:26] "[37mGET /profile/pratkpranav HTTP/1.1[0m" 200 -
DEBUG:root:User: pratkpranav profile was requested
DEBUG:root:Querying User with Handle pratkpranav:
DEBUG:root:
                        SELECT *
                        FROM users
                        WHERE users.handle = 'pratkpranav';
                   
DEBUG:root:[('pratkpranav', 'Pratik', 'Pranav', 'India', '1500', 0, 'sha256$Pthbq0p0$48c4cd6f4281a21f0d33cc1e737b68bcc82106f34e0ded16dc579a32343b4b7b')]
INFO:werkzeug:127.0.0.1 - - [19/Feb/2022 02:46:28] "[35m[1mGET /profile/pratkpranav HTTP/1.1[0m" 500 -
INFO:werkzeug:127.0.0.1 - - [19/Feb/2022 02:46:29] "[37mGET /profile/pratkpranav?__debugger__=yes&cmd=resource&f=style.css HTTP/1.1[0m" 200 -
INFO:werkzeug:127.0.0.1 - - [19/Feb/2022 02:46:29] "[37mGET /profile/pratkpranav?__debugger__=yes&cmd=resource&f=jquery.js HTTP/1.1[0m" 200 -
INFO:werkzeug:127.0.0.1 - - [19/Feb/2022 02:46:29] "[37mGET /profile/pratkpranav?__debugger__=yes&cmd=resource&f=debugger.js HTTP/1.1[0m" 200 -
INFO:werkzeug:127.0.0.1 - - [19/Feb/2022 02:46:29] "[37mGET /profile/pratkpranav?__debugger__=yes&cmd=resource&f=console.png HTTP/1.1[0m" 200 -
INFO:werkzeug:127.0.0.1 - - [19/Feb/2022 02:46:29] "[37mGET /profile/pratkpranav?__debugger__=yes&cmd=resource&f=console.png HTTP/1.1[0m" 200 -
INFO:werkzeug: * Detected change in '/home/pratik/SEM_VIII/COL362/COL362-CodingSite/Codeforces/FlaskWeb/website/views.py', reloading
INFO:werkzeug: * Restarting with stat
DEBUG:root:Database Host: 127.0.0.1
DEBUG:root:Database Port: 5432
DEBUG:root:Database Name: project
DEBUG:root:Database User: tarun
DEBUG:root:Database Password: Hello
INFO:root:Connecting to database...
INFO:root:Connected to Database!
WARNING:werkzeug: * Debugger is active!
INFO:werkzeug: * Debugger PIN: 131-056-520
DEBUG:root:User: pratkpranav profile was requested
DEBUG:root:Querying User with Handle pratkpranav:
DEBUG:root:
                        SELECT *
                        FROM users
                        WHERE users.handle = 'pratkpranav';
                   
DEBUG:root:[('pratkpranav', 'Pratik', 'Pranav', 'India', '1500', 0, 'sha256$Pthbq0p0$48c4cd6f4281a21f0d33cc1e737b68bcc82106f34e0ded16dc579a32343b4b7b')]
INFO:werkzeug:127.0.0.1 - - [19/Feb/2022 02:47:42] "[35m[1mGET /profile/pratkpranav HTTP/1.1[0m" 500 -
INFO:werkzeug:127.0.0.1 - - [19/Feb/2022 02:47:42] "[37mGET /profile/pratkpranav?__debugger__=yes&cmd=resource&f=style.css HTTP/1.1[0m" 200 -
INFO:werkzeug:127.0.0.1 - - [19/Feb/2022 02:47:42] "[37mGET /profile/pratkpranav?__debugger__=yes&cmd=resource&f=jquery.js HTTP/1.1[0m" 200 -
INFO:werkzeug:127.0.0.1 - - [19/Feb/2022 02:47:42] "[37mGET /profile/pratkpranav?__debugger__=yes&cmd=resource&f=debugger.js HTTP/1.1[0m" 200 -
INFO:werkzeug:127.0.0.1 - - [19/Feb/2022 02:47:42] "[37mGET /profile/pratkpranav?__debugger__=yes&cmd=resource&f=console.png HTTP/1.1[0m" 200 -
INFO:werkzeug:127.0.0.1 - - [19/Feb/2022 02:47:42] "[37mGET /profile/pratkpranav?__debugger__=yes&cmd=resource&f=console.png HTTP/1.1[0m" 200 -
INFO:werkzeug: * Detected change in '/home/pratik/SEM_VIII/COL362/COL362-CodingSite/Codeforces/FlaskWeb/website/views.py', reloading
INFO:werkzeug: * Restarting with stat
DEBUG:root:Database Host: 127.0.0.1
DEBUG:root:Database Port: 5432
DEBUG:root:Database Name: project
DEBUG:root:Database User: tarun
DEBUG:root:Database Password: Hello
INFO:root:Connecting to database...
INFO:root:Connected to Database!
WARNING:werkzeug: * Debugger is active!
INFO:werkzeug: * Debugger PIN: 131-056-520
DEBUG:root:User: pratkpranav profile was requested
DEBUG:root:Querying User with Handle pratkpranav:
DEBUG:root:
                        SELECT *
                        FROM users
                        WHERE users.handle = 'pratkpranav';
                   
DEBUG:root:[('pratkpranav', 'Pratik', 'Pranav', 'India', '1500', 0, 'sha256$Pthbq0p0$48c4cd6f4281a21f0d33cc1e737b68bcc82106f34e0ded16dc579a32343b4b7b')]
INFO:werkzeug:127.0.0.1 - - [19/Feb/2022 02:48:06] "[35m[1mGET /profile/pratkpranav HTTP/1.1[0m" 500 -
INFO:werkzeug:127.0.0.1 - - [19/Feb/2022 02:48:07] "[37mGET /profile/pratkpranav?__debugger__=yes&cmd=resource&f=style.css HTTP/1.1[0m" 200 -
INFO:werkzeug:127.0.0.1 - - [19/Feb/2022 02:48:07] "[37mGET /profile/pratkpranav?__debugger__=yes&cmd=resource&f=jquery.js HTTP/1.1[0m" 200 -
INFO:werkzeug:127.0.0.1 - - [19/Feb/2022 02:48:07] "[37mGET /profile/pratkpranav?__debugger__=yes&cmd=resource&f=debugger.js HTTP/1.1[0m" 200 -
INFO:werkzeug:127.0.0.1 - - [19/Feb/2022 02:48:07] "[37mGET /profile/pratkpranav?__debugger__=yes&cmd=resource&f=console.png HTTP/1.1[0m" 200 -
INFO:werkzeug:127.0.0.1 - - [19/Feb/2022 02:48:07] "[37mGET /profile/pratkpranav?__debugger__=yes&cmd=resource&f=console.png HTTP/1.1[0m" 200 -
DEBUG:root:User: pratkpranav profile was requested
DEBUG:root:Querying User with Handle pratkpranav:
DEBUG:root:
                        SELECT *
                        FROM users
                        WHERE users.handle = 'pratkpranav';
                   
DEBUG:root:[('pratkpranav', 'Pratik', 'Pranav', 'India', '1500', 0, 'sha256$Pthbq0p0$48c4cd6f4281a21f0d33cc1e737b68bcc82106f34e0ded16dc579a32343b4b7b')]
INFO:werkzeug:127.0.0.1 - - [19/Feb/2022 02:49:00] "[37mGET /profile/pratkpranav HTTP/1.1[0m" 200 -
DEBUG:root:User: pratkpranav profile was requested
DEBUG:root:Querying User with Handle pratkpranav:
DEBUG:root:
                        SELECT *
                        FROM users
                        WHERE users.handle = 'pratkpranav';
                   
DEBUG:root:[('pratkpranav', 'Pratik', 'Pranav', 'India', '1500', 0, 'sha256$Pthbq0p0$48c4cd6f4281a21f0d33cc1e737b68bcc82106f34e0ded16dc579a32343b4b7b')]
INFO:werkzeug:127.0.0.1 - - [19/Feb/2022 02:49:33] "[37mGET /profile/pratkpranav HTTP/1.1[0m" 200 -
DEBUG:root:User: pratkpranav profile was requested
DEBUG:root:Querying User with Handle pratkpranav:
DEBUG:root:
                        SELECT *
                        FROM users
                        WHERE users.handle = 'pratkpranav';
                   
DEBUG:root:[('pratkpranav', 'Pratik', 'Pranav', 'India', '1500', 0, 'sha256$Pthbq0p0$48c4cd6f4281a21f0d33cc1e737b68bcc82106f34e0ded16dc579a32343b4b7b')]
INFO:werkzeug:127.0.0.1 - - [19/Feb/2022 02:50:07] "[37mGET /profile/pratkpranav HTTP/1.1[0m" 200 -
DEBUG:root:User: pratkpranav profile was requested
DEBUG:root:Querying User with Handle pratkpranav:
DEBUG:root:
                        SELECT *
                        FROM users
                        WHERE users.handle = 'pratkpranav';
                   
DEBUG:root:[('pratkpranav', 'Pratik', 'Pranav', 'India', '1500', 0, 'sha256$Pthbq0p0$48c4cd6f4281a21f0d33cc1e737b68bcc82106f34e0ded16dc579a32343b4b7b')]
INFO:werkzeug:127.0.0.1 - - [19/Feb/2022 02:50:13] "[37mGET /profile/pratkpranav HTTP/1.1[0m" 200 -
DEBUG:root:User: pratkpranav profile was requested
DEBUG:root:Querying User with Handle pratkpranav:
DEBUG:root:
                        SELECT *
                        FROM users
                        WHERE users.handle = 'pratkpranav';
                   
DEBUG:root:[('pratkpranav', 'Pratik', 'Pranav', 'India', '1500', 0, 'sha256$Pthbq0p0$48c4cd6f4281a21f0d33cc1e737b68bcc82106f34e0ded16dc579a32343b4b7b')]
INFO:werkzeug:127.0.0.1 - - [19/Feb/2022 02:50:41] "[37mGET /profile/pratkpranav HTTP/1.1[0m" 200 -
DEBUG:root:User: pratkpranav profile was requested
DEBUG:root:Querying User with Handle pratkpranav:
DEBUG:root:
                        SELECT *
                        FROM users
                        WHERE users.handle = 'pratkpranav';
                   
DEBUG:root:[('pratkpranav', 'Pratik', 'Pranav', 'India', '1500', 0, 'sha256$Pthbq0p0$48c4cd6f4281a21f0d33cc1e737b68bcc82106f34e0ded16dc579a32343b4b7b')]
INFO:werkzeug:127.0.0.1 - - [19/Feb/2022 02:50:44] "[37mGET /profile/pratkpranav HTTP/1.1[0m" 200 -
DEBUG:root:Database Host: 127.0.0.1
DEBUG:root:Database Port: 5432
DEBUG:root:Database Name: project
DEBUG:root:Database User: tarun
DEBUG:root:Database Password: Hello
INFO:root:Connecting to database...
INFO:root:Connected to Database!
INFO:werkzeug: * Running on http://127.0.0.1:5000/ (Press CTRL+C to quit)
INFO:werkzeug: * Restarting with stat
DEBUG:root:Database Host: 127.0.0.1
DEBUG:root:Database Port: 5432
DEBUG:root:Database Name: project
DEBUG:root:Database User: tarun
DEBUG:root:Database Password: Hello
INFO:root:Connecting to database...
INFO:root:Connected to Database!
WARNING:werkzeug: * Debugger is active!
INFO:werkzeug: * Debugger PIN: 131-056-520
DEBUG:root:Querying User with Handle pratkpranav:
DEBUG:root:
                        SELECT *
                        FROM users
                        WHERE users.handle = 'pratkpranav';
                   
DEBUG:root:[('pratkpranav', 'Pratik', 'Pranav', 'India', '1500', 0, 'sha256$Pthbq0p0$48c4cd6f4281a21f0d33cc1e737b68bcc82106f34e0ded16dc579a32343b4b7b')]
INFO:werkzeug:127.0.0.1 - - [19/Feb/2022 15:34:56] "[37mGET / HTTP/1.1[0m" 200 -
INFO:werkzeug:127.0.0.1 - - [19/Feb/2022 15:34:56] "[37mGET /static/logo.png HTTP/1.1[0m" 200 -
INFO:werkzeug:127.0.0.1 - - [19/Feb/2022 15:34:56] "[36mGET /static/index.js HTTP/1.1[0m" 304 -
DEBUG:root:User: pratkpranav profile was requested
DEBUG:root:Querying User with Handle pratkpranav:
DEBUG:root:
                        SELECT *
                        FROM users
                        WHERE users.handle = 'pratkpranav';
                   
DEBUG:root:[('pratkpranav', 'Pratik', 'Pranav', 'India', '1500', 0, 'sha256$Pthbq0p0$48c4cd6f4281a21f0d33cc1e737b68bcc82106f34e0ded16dc579a32343b4b7b')]
INFO:werkzeug:127.0.0.1 - - [19/Feb/2022 15:35:01] "[37mGET /profile/pratkpranav HTTP/1.1[0m" 200 -
INFO:werkzeug: * Detected change in '/home/pratik/SEM_VIII/COL362/COL362-CodingSite/Codeforces/FlaskWeb/website/views.py', reloading
INFO:werkzeug: * Restarting with stat
DEBUG:root:Database Host: 127.0.0.1
DEBUG:root:Database Port: 5432
DEBUG:root:Database Name: project
DEBUG:root:Database User: tarun
DEBUG:root:Database Password: Hello
INFO:root:Connecting to database...
INFO:root:Connected to Database!
WARNING:werkzeug: * Debugger is active!
INFO:werkzeug: * Debugger PIN: 131-056-520
DEBUG:root:User: pratkpranav profile was requested
DEBUG:root:Querying User with Handle pratkpranav:
DEBUG:root:
                        SELECT *
                        FROM users
                        WHERE users.handle = 'pratkpranav';
                   
DEBUG:root:[('pratkpranav', 'Pratik', 'Pranav', 'India', '1500', 0, 'sha256$Pthbq0p0$48c4cd6f4281a21f0d33cc1e737b68bcc82106f34e0ded16dc579a32343b4b7b')]
INFO:werkzeug:127.0.0.1 - - [19/Feb/2022 15:36:06] "[37mGET /profile/pratkpranav HTTP/1.1[0m" 200 -
DEBUG:root:User: pratkpranav profile was requested
DEBUG:root:Querying User with Handle pratkpranav:
DEBUG:root:
                        SELECT *
                        FROM users
                        WHERE users.handle = 'pratkpranav';
                   
DEBUG:root:[('pratkpranav', 'Pratik', 'Pranav', 'India', '1500', 0, 'sha256$Pthbq0p0$48c4cd6f4281a21f0d33cc1e737b68bcc82106f34e0ded16dc579a32343b4b7b')]
INFO:werkzeug:127.0.0.1 - - [19/Feb/2022 15:36:11] "[37mGET /profile/pratkpranav HTTP/1.1[0m" 200 -
DEBUG:root:User: pratkpranav profile was requested
DEBUG:root:Querying User with Handle pratkpranav:
DEBUG:root:
                        SELECT *
                        FROM users
                        WHERE users.handle = 'pratkpranav';
                   
DEBUG:root:[('pratkpranav', 'Pratik', 'Pranav', 'India', '1500', 0, 'sha256$Pthbq0p0$48c4cd6f4281a21f0d33cc1e737b68bcc82106f34e0ded16dc579a32343b4b7b')]
INFO:werkzeug:127.0.0.1 - - [19/Feb/2022 15:36:14] "[37mGET /profile/pratkpranav HTTP/1.1[0m" 200 -
DEBUG:root:User: pratkpranav profile was requested
DEBUG:root:Querying User with Handle pratkpranav:
DEBUG:root:
                        SELECT *
                        FROM users
                        WHERE users.handle = 'pratkpranav';
                   
DEBUG:root:[('pratkpranav', 'Pratik', 'Pranav', 'India', '1500', 0, 'sha256$Pthbq0p0$48c4cd6f4281a21f0d33cc1e737b68bcc82106f34e0ded16dc579a32343b4b7b')]
INFO:werkzeug:127.0.0.1 - - [19/Feb/2022 15:36:43] "[37mGET /profile/pratkpranav HTTP/1.1[0m" 200 -
DEBUG:root:User: pratkpranav profile was requested
DEBUG:root:Querying User with Handle pratkpranav:
DEBUG:root:
                        SELECT *
                        FROM users
                        WHERE users.handle = 'pratkpranav';
                   
DEBUG:root:[('pratkpranav', 'Pratik', 'Pranav', 'India', '1500', 0, 'sha256$Pthbq0p0$48c4cd6f4281a21f0d33cc1e737b68bcc82106f34e0ded16dc579a32343b4b7b')]
INFO:werkzeug:127.0.0.1 - - [19/Feb/2022 15:36:46] "[37mGET /profile/pratkpranav HTTP/1.1[0m" 200 -
DEBUG:root:User: pratkpranav profile was requested
DEBUG:root:Querying User with Handle pratkpranav:
DEBUG:root:
                        SELECT *
                        FROM users
                        WHERE users.handle = 'pratkpranav';
                   
DEBUG:root:[('pratkpranav', 'Pratik', 'Pranav', 'India', '1500', 0, 'sha256$Pthbq0p0$48c4cd6f4281a21f0d33cc1e737b68bcc82106f34e0ded16dc579a32343b4b7b')]
INFO:werkzeug:127.0.0.1 - - [19/Feb/2022 15:37:12] "[37mGET /profile/pratkpranav HTTP/1.1[0m" 200 -
DEBUG:root:User: pratkpranav profile was requested
DEBUG:root:Querying User with Handle pratkpranav:
DEBUG:root:
                        SELECT *
                        FROM users
                        WHERE users.handle = 'pratkpranav';
                   
DEBUG:root:[('pratkpranav', 'Pratik', 'Pranav', 'India', '1500', 0, 'sha256$Pthbq0p0$48c4cd6f4281a21f0d33cc1e737b68bcc82106f34e0ded16dc579a32343b4b7b')]
INFO:werkzeug:127.0.0.1 - - [19/Feb/2022 15:39:30] "[37mGET /profile/pratkpranav HTTP/1.1[0m" 200 -
DEBUG:root:User: pratkpranav profile was requested
DEBUG:root:Querying User with Handle pratkpranav:
DEBUG:root:
                        SELECT *
                        FROM users
                        WHERE users.handle = 'pratkpranav';
                   
DEBUG:root:[('pratkpranav', 'Pratik', 'Pranav', 'India', '1500', 0, 'sha256$Pthbq0p0$48c4cd6f4281a21f0d33cc1e737b68bcc82106f34e0ded16dc579a32343b4b7b')]
INFO:werkzeug:127.0.0.1 - - [19/Feb/2022 15:39:57] "[37mGET /profile/pratkpranav HTTP/1.1[0m" 200 -
INFO:werkzeug: * Detected change in '/home/pratik/SEM_VIII/COL362/COL362-CodingSite/Codeforces/FlaskWeb/website/views.py', reloading
INFO:werkzeug: * Restarting with stat
DEBUG:root:Database Host: 127.0.0.1
DEBUG:root:Database Port: 5432
DEBUG:root:Database Name: project
DEBUG:root:Database User: tarun
DEBUG:root:Database Password: Hello
INFO:root:Connecting to database...
INFO:root:Connected to Database!
WARNING:werkzeug: * Debugger is active!
INFO:werkzeug: * Debugger PIN: 131-056-520
DEBUG:root:User: pratkpranav profile was requested
DEBUG:root:Querying User with Handle pratkpranav:
DEBUG:root:
                        SELECT *
                        FROM users
                        WHERE users.handle = 'pratkpranav';
                   
DEBUG:root:[('pratkpranav', 'Pratik', 'Pranav', 'India', '1500', 0, 'sha256$Pthbq0p0$48c4cd6f4281a21f0d33cc1e737b68bcc82106f34e0ded16dc579a32343b4b7b')]
INFO:werkzeug:127.0.0.1 - - [19/Feb/2022 15:40:17] "[37mGET /profile/pratkpranav HTTP/1.1[0m" 200 -
DEBUG:root:User: pratkpranav profile was requested
DEBUG:root:Querying User with Handle pratkpranav:
DEBUG:root:
                        SELECT *
                        FROM users
                        WHERE users.handle = 'pratkpranav';
                   
DEBUG:root:[('pratkpranav', 'Pratik', 'Pranav', 'India', '1500', 0, 'sha256$Pthbq0p0$48c4cd6f4281a21f0d33cc1e737b68bcc82106f34e0ded16dc579a32343b4b7b')]
INFO:werkzeug:127.0.0.1 - - [19/Feb/2022 15:57:37] "[35m[1mGET /profile/pratkpranav HTTP/1.1[0m" 500 -
INFO:werkzeug:127.0.0.1 - - [19/Feb/2022 15:57:38] "[37mGET /profile/pratkpranav?__debugger__=yes&cmd=resource&f=style.css HTTP/1.1[0m" 200 -
INFO:werkzeug:127.0.0.1 - - [19/Feb/2022 15:57:38] "[37mGET /profile/pratkpranav?__debugger__=yes&cmd=resource&f=jquery.js HTTP/1.1[0m" 200 -
INFO:werkzeug:127.0.0.1 - - [19/Feb/2022 15:57:38] "[37mGET /profile/pratkpranav?__debugger__=yes&cmd=resource&f=debugger.js HTTP/1.1[0m" 200 -
INFO:werkzeug:127.0.0.1 - - [19/Feb/2022 15:57:38] "[37mGET /profile/pratkpranav?__debugger__=yes&cmd=resource&f=console.png HTTP/1.1[0m" 200 -
INFO:werkzeug:127.0.0.1 - - [19/Feb/2022 15:57:38] "[37mGET /profile/pratkpranav?__debugger__=yes&cmd=resource&f=console.png HTTP/1.1[0m" 200 -
DEBUG:root:User: pratkpranav profile was requested
DEBUG:root:Querying User with Handle pratkpranav:
DEBUG:root:
                        SELECT *
                        FROM users
                        WHERE users.handle = 'pratkpranav';
                   
DEBUG:root:[('pratkpranav', 'Pratik', 'Pranav', 'India', '1500', 0, 'sha256$Pthbq0p0$48c4cd6f4281a21f0d33cc1e737b68bcc82106f34e0ded16dc579a32343b4b7b')]
INFO:werkzeug:127.0.0.1 - - [19/Feb/2022 15:57:57] "[37mGET /profile/pratkpranav HTTP/1.1[0m" 200 -
DEBUG:root:User: pratkpranav profile was requested
DEBUG:root:Querying User with Handle pratkpranav:
DEBUG:root:
                        SELECT *
                        FROM users
                        WHERE users.handle = 'pratkpranav';
                   
DEBUG:root:[('pratkpranav', 'Pratik', 'Pranav', 'India', '1500', 0, 'sha256$Pthbq0p0$48c4cd6f4281a21f0d33cc1e737b68bcc82106f34e0ded16dc579a32343b4b7b')]
INFO:werkzeug:127.0.0.1 - - [19/Feb/2022 15:58:26] "[37mGET /profile/pratkpranav HTTP/1.1[0m" 200 -
DEBUG:root:User: pratkpranav profile was requested
DEBUG:root:Querying User with Handle pratkpranav:
DEBUG:root:
                        SELECT *
                        FROM users
                        WHERE users.handle = 'pratkpranav';
                   
DEBUG:root:[('pratkpranav', 'Pratik', 'Pranav', 'India', '1500', 0, 'sha256$Pthbq0p0$48c4cd6f4281a21f0d33cc1e737b68bcc82106f34e0ded16dc579a32343b4b7b')]
INFO:werkzeug:127.0.0.1 - - [19/Feb/2022 16:07:25] "[37mGET /profile/pratkpranav HTTP/1.1[0m" 200 -
INFO:werkzeug: * Detected change in '/home/pratik/SEM_VIII/COL362/COL362-CodingSite/Codeforces/FlaskWeb/website/views.py', reloading
INFO:werkzeug: * Restarting with stat
DEBUG:root:Database Host: 127.0.0.1
DEBUG:root:Database Port: 5432
DEBUG:root:Database Name: project
DEBUG:root:Database User: tarun
DEBUG:root:Database Password: Hello
DEBUG:root:Database Host: 127.0.0.1
DEBUG:root:Database Port: 5432
DEBUG:root:Database Name: project
DEBUG:root:Database User: tarun
DEBUG:root:Database Password: Hello
DEBUG:root:Database Host: 127.0.0.1
DEBUG:root:Database Port: 5432
DEBUG:root:Database Name: project
DEBUG:root:Database User: tarun
DEBUG:root:Database Password: Hello
INFO:root:Connecting to database...
INFO:root:Connected to Database!
INFO:werkzeug: * Running on http://127.0.0.1:5000/ (Press CTRL+C to quit)
INFO:werkzeug: * Restarting with stat
DEBUG:root:Database Host: 127.0.0.1
DEBUG:root:Database Port: 5432
DEBUG:root:Database Name: project
DEBUG:root:Database User: tarun
DEBUG:root:Database Password: Hello
INFO:root:Connecting to database...
INFO:root:Connected to Database!
WARNING:werkzeug: * Debugger is active!
INFO:werkzeug: * Debugger PIN: 131-056-520
INFO:werkzeug: * Detected change in '/home/pratik/SEM_VIII/COL362/COL362-CodingSite/Codeforces/FlaskWeb/website/views.py', reloading
INFO:werkzeug: * Restarting with stat
DEBUG:root:Database Host: 127.0.0.1
DEBUG:root:Database Port: 5432
DEBUG:root:Database Name: project
DEBUG:root:Database User: tarun
DEBUG:root:Database Password: Hello
INFO:root:Connecting to database...
INFO:root:Connected to Database!
WARNING:werkzeug: * Debugger is active!
INFO:werkzeug: * Debugger PIN: 131-056-520
DEBUG:root:User: pratkpranav profile was requested
DEBUG:root:Querying User with Handle pratkpranav:
DEBUG:root:
                        SELECT *
                        FROM users
                        WHERE users.handle = 'pratkpranav';
                   
DEBUG:root:[('pratkpranav', 'Pratik', 'Pranav', 'India', '1500', 0, 'sha256$Pthbq0p0$48c4cd6f4281a21f0d33cc1e737b68bcc82106f34e0ded16dc579a32343b4b7b')]
INFO:werkzeug:127.0.0.1 - - [19/Feb/2022 16:15:14] "[35m[1mGET /profile/pratkpranav HTTP/1.1[0m" 500 -
INFO:werkzeug:127.0.0.1 - - [19/Feb/2022 16:15:15] "[37mGET /profile/pratkpranav?__debugger__=yes&cmd=resource&f=style.css HTTP/1.1[0m" 200 -
INFO:werkzeug:127.0.0.1 - - [19/Feb/2022 16:15:15] "[37mGET /profile/pratkpranav?__debugger__=yes&cmd=resource&f=jquery.js HTTP/1.1[0m" 200 -
INFO:werkzeug:127.0.0.1 - - [19/Feb/2022 16:15:15] "[37mGET /profile/pratkpranav?__debugger__=yes&cmd=resource&f=debugger.js HTTP/1.1[0m" 200 -
INFO:werkzeug:127.0.0.1 - - [19/Feb/2022 16:15:15] "[37mGET /profile/pratkpranav?__debugger__=yes&cmd=resource&f=console.png HTTP/1.1[0m" 200 -
INFO:werkzeug:127.0.0.1 - - [19/Feb/2022 16:15:15] "[37mGET /profile/pratkpranav?__debugger__=yes&cmd=resource&f=console.png HTTP/1.1[0m" 200 -
DEBUG:root:Querying User with Handle pratkpranav:
DEBUG:root:
                        SELECT *
                        FROM users
                        WHERE users.handle = 'pratkpranav';
                   
DEBUG:root:[('pratkpranav', 'Pratik', 'Pranav', 'India', '1500', 0, 'sha256$Pthbq0p0$48c4cd6f4281a21f0d33cc1e737b68bcc82106f34e0ded16dc579a32343b4b7b')]
INFO:werkzeug:127.0.0.1 - - [19/Feb/2022 16:15:22] "[37mGET / HTTP/1.1[0m" 200 -
DEBUG:root:User: pratkpranav profile was requested
DEBUG:root:Querying User with Handle pratkpranav:
DEBUG:root:
                        SELECT *
                        FROM users
                        WHERE users.handle = 'pratkpranav';
                   
DEBUG:root:[('pratkpranav', 'Pratik', 'Pranav', 'India', '1500', 0, 'sha256$Pthbq0p0$48c4cd6f4281a21f0d33cc1e737b68bcc82106f34e0ded16dc579a32343b4b7b')]
INFO:werkzeug:127.0.0.1 - - [19/Feb/2022 16:15:25] "[35m[1mGET /profile/pratkpranav HTTP/1.1[0m" 500 -
INFO:werkzeug:127.0.0.1 - - [19/Feb/2022 16:15:26] "[37mGET /profile/pratkpranav?__debugger__=yes&cmd=resource&f=style.css HTTP/1.1[0m" 200 -
INFO:werkzeug:127.0.0.1 - - [19/Feb/2022 16:15:26] "[37mGET /profile/pratkpranav?__debugger__=yes&cmd=resource&f=jquery.js HTTP/1.1[0m" 200 -
INFO:werkzeug:127.0.0.1 - - [19/Feb/2022 16:15:26] "[37mGET /profile/pratkpranav?__debugger__=yes&cmd=resource&f=debugger.js HTTP/1.1[0m" 200 -
INFO:werkzeug:127.0.0.1 - - [19/Feb/2022 16:15:26] "[37mGET /profile/pratkpranav?__debugger__=yes&cmd=resource&f=console.png HTTP/1.1[0m" 200 -
DEBUG:root:User: pratkpranav profile was requested
DEBUG:root:Querying User with Handle pratkpranav:
DEBUG:root:
                        SELECT *
                        FROM users
                        WHERE users.handle = 'pratkpranav';
                   
DEBUG:root:[('pratkpranav', 'Pratik', 'Pranav', 'India', '1500', 0, 'sha256$Pthbq0p0$48c4cd6f4281a21f0d33cc1e737b68bcc82106f34e0ded16dc579a32343b4b7b')]
INFO:werkzeug:127.0.0.1 - - [19/Feb/2022 16:15:46] "[37mGET /profile/pratkpranav HTTP/1.1[0m" 200 -
DEBUG:root:User: pratkpranav blogs was requested
DEBUG:root:Querying User with Handle pratkpranav:
DEBUG:root:
                        SELECT *
                        FROM users
                        WHERE users.handle = 'pratkpranav';
                   
DEBUG:root:[('pratkpranav', 'Pratik', 'Pranav', 'India', '1500', 0, 'sha256$Pthbq0p0$48c4cd6f4281a21f0d33cc1e737b68bcc82106f34e0ded16dc579a32343b4b7b')]
INFO:werkzeug:127.0.0.1 - - [19/Feb/2022 16:15:48] "[37mGET /profile/pratkpranav/blog HTTP/1.1[0m" 200 -
DEBUG:root:User: pratkpranav submission was requested
DEBUG:root:Querying User with Handle pratkpranav:
DEBUG:root:
                        SELECT *
                        FROM users
                        WHERE users.handle = 'pratkpranav';
                   
DEBUG:root:[('pratkpranav', 'Pratik', 'Pranav', 'India', '1500', 0, 'sha256$Pthbq0p0$48c4cd6f4281a21f0d33cc1e737b68bcc82106f34e0ded16dc579a32343b4b7b')]
INFO:werkzeug:127.0.0.1 - - [19/Feb/2022 16:15:49] "[37mGET /profile/pratkpranav/submission HTTP/1.1[0m" 200 -
DEBUG:root:User: pratkpranav contests was requested
DEBUG:root:Querying User with Handle pratkpranav:
DEBUG:root:
                        SELECT *
                        FROM users
                        WHERE users.handle = 'pratkpranav';
                   
DEBUG:root:[('pratkpranav', 'Pratik', 'Pranav', 'India', '1500', 0, 'sha256$Pthbq0p0$48c4cd6f4281a21f0d33cc1e737b68bcc82106f34e0ded16dc579a32343b4b7b')]
INFO:werkzeug:127.0.0.1 - - [19/Feb/2022 16:15:50] "[37mGET /profile/pratkpranav/contest HTTP/1.1[0m" 200 -
DEBUG:root:User: pratkpranav friends was requested
DEBUG:root:Querying User with Handle pratkpranav:
DEBUG:root:
                        SELECT *
                        FROM users
                        WHERE users.handle = 'pratkpranav';
                   
DEBUG:root:[('pratkpranav', 'Pratik', 'Pranav', 'India', '1500', 0, 'sha256$Pthbq0p0$48c4cd6f4281a21f0d33cc1e737b68bcc82106f34e0ded16dc579a32343b4b7b')]
INFO:werkzeug:127.0.0.1 - - [19/Feb/2022 16:15:51] "[37mGET /profile/pratkpranav/friend HTTP/1.1[0m" 200 -
DEBUG:root:User: pratkpranav friends was requested
DEBUG:root:Querying User with Handle pratkpranav:
DEBUG:root:
                        SELECT *
                        FROM users
                        WHERE users.handle = 'pratkpranav';
                   
DEBUG:root:[('pratkpranav', 'Pratik', 'Pranav', 'India', '1500', 0, 'sha256$Pthbq0p0$48c4cd6f4281a21f0d33cc1e737b68bcc82106f34e0ded16dc579a32343b4b7b')]
INFO:werkzeug:127.0.0.1 - - [19/Feb/2022 16:15:52] "[37mGET /profile/pratkpranav/friend HTTP/1.1[0m" 200 -
DEBUG:root:User: pratkpranav friends was requested
DEBUG:root:Querying User with Handle pratkpranav:
DEBUG:root:
                        SELECT *
                        FROM users
                        WHERE users.handle = 'pratkpranav';
                   
DEBUG:root:[('pratkpranav', 'Pratik', 'Pranav', 'India', '1500', 0, 'sha256$Pthbq0p0$48c4cd6f4281a21f0d33cc1e737b68bcc82106f34e0ded16dc579a32343b4b7b')]
INFO:werkzeug:127.0.0.1 - - [19/Feb/2022 16:15:53] "[37mGET /profile/pratkpranav/friend HTTP/1.1[0m" 200 -
DEBUG:root:User: pratkpranav friends was requested
DEBUG:root:Querying User with Handle pratkpranav:
DEBUG:root:
                        SELECT *
                        FROM users
                        WHERE users.handle = 'pratkpranav';
                   
DEBUG:root:[('pratkpranav', 'Pratik', 'Pranav', 'India', '1500', 0, 'sha256$Pthbq0p0$48c4cd6f4281a21f0d33cc1e737b68bcc82106f34e0ded16dc579a32343b4b7b')]
INFO:werkzeug:127.0.0.1 - - [19/Feb/2022 16:15:54] "[37mGET /profile/pratkpranav/friend HTTP/1.1[0m" 200 -
DEBUG:root:User: pratkpranav friends was requested
DEBUG:root:Querying User with Handle pratkpranav:
DEBUG:root:
                        SELECT *
                        FROM users
                        WHERE users.handle = 'pratkpranav';
                   
DEBUG:root:[('pratkpranav', 'Pratik', 'Pranav', 'India', '1500', 0, 'sha256$Pthbq0p0$48c4cd6f4281a21f0d33cc1e737b68bcc82106f34e0ded16dc579a32343b4b7b')]
INFO:werkzeug:127.0.0.1 - - [19/Feb/2022 16:15:55] "[37mGET /profile/pratkpranav/friend HTTP/1.1[0m" 200 -
DEBUG:root:User: pratkpranav friends was requested
DEBUG:root:Querying User with Handle pratkpranav:
DEBUG:root:
                        SELECT *
                        FROM users
                        WHERE users.handle = 'pratkpranav';
                   
DEBUG:root:[('pratkpranav', 'Pratik', 'Pranav', 'India', '1500', 0, 'sha256$Pthbq0p0$48c4cd6f4281a21f0d33cc1e737b68bcc82106f34e0ded16dc579a32343b4b7b')]
INFO:werkzeug:127.0.0.1 - - [19/Feb/2022 16:15:56] "[37mGET /profile/pratkpranav/friend HTTP/1.1[0m" 200 -
DEBUG:root:User: pratkpranav submission was requested
DEBUG:root:Querying User with Handle pratkpranav:
DEBUG:root:
                        SELECT *
                        FROM users
                        WHERE users.handle = 'pratkpranav';
                   
DEBUG:root:[('pratkpranav', 'Pratik', 'Pranav', 'India', '1500', 0, 'sha256$Pthbq0p0$48c4cd6f4281a21f0d33cc1e737b68bcc82106f34e0ded16dc579a32343b4b7b')]
INFO:werkzeug:127.0.0.1 - - [19/Feb/2022 16:15:58] "[37mGET /profile/pratkpranav/submission HTTP/1.1[0m" 200 -
DEBUG:root:User: pratkpranav blogs was requested
DEBUG:root:Querying User with Handle pratkpranav:
DEBUG:root:
                        SELECT *
                        FROM users
                        WHERE users.handle = 'pratkpranav';
                   
DEBUG:root:[('pratkpranav', 'Pratik', 'Pranav', 'India', '1500', 0, 'sha256$Pthbq0p0$48c4cd6f4281a21f0d33cc1e737b68bcc82106f34e0ded16dc579a32343b4b7b')]
INFO:werkzeug:127.0.0.1 - - [19/Feb/2022 16:15:59] "[37mGET /profile/pratkpranav/blog HTTP/1.1[0m" 200 -
INFO:werkzeug:127.0.0.1 - - [19/Feb/2022 16:16:04] "[33mGET /profile/pratkpranav/ HTTP/1.1[0m" 404 -
DEBUG:root:User: pratkpranav profile was requested
DEBUG:root:Querying User with Handle pratkpranav:
DEBUG:root:
                        SELECT *
                        FROM users
                        WHERE users.handle = 'pratkpranav';
                   
DEBUG:root:[('pratkpranav', 'Pratik', 'Pranav', 'India', '1500', 0, 'sha256$Pthbq0p0$48c4cd6f4281a21f0d33cc1e737b68bcc82106f34e0ded16dc579a32343b4b7b')]
INFO:werkzeug:127.0.0.1 - - [19/Feb/2022 16:16:06] "[37mGET /profile/pratkpranav HTTP/1.1[0m" 200 -
INFO:werkzeug: * Detected change in '/home/pratik/SEM_VIII/COL362/COL362-CodingSite/Codeforces/FlaskWeb/website/views.py', reloading
INFO:werkzeug: * Restarting with stat
DEBUG:root:Database Host: 127.0.0.1
DEBUG:root:Database Port: 5432
DEBUG:root:Database Name: project
DEBUG:root:Database User: tarun
DEBUG:root:Database Password: Hello
INFO:root:Connecting to database...
INFO:root:Connected to Database!
WARNING:werkzeug: * Debugger is active!
INFO:werkzeug: * Debugger PIN: 131-056-520
INFO:werkzeug:127.0.0.1 - - [19/Feb/2022 16:17:51] "[33mGET /profile/pratkpranav HTTP/1.1[0m" 404 -
DEBUG:root:Querying User with Handle pratkpranav:
DEBUG:root:
                        SELECT *
                        FROM users
                        WHERE users.handle = 'pratkpranav';
                   
DEBUG:root:[('pratkpranav', 'Pratik', 'Pranav', 'India', '1500', 0, 'sha256$Pthbq0p0$48c4cd6f4281a21f0d33cc1e737b68bcc82106f34e0ded16dc579a32343b4b7b')]
INFO:werkzeug:127.0.0.1 - - [19/Feb/2022 16:17:57] "[35m[1mGET / HTTP/1.1[0m" 500 -
INFO:werkzeug:127.0.0.1 - - [19/Feb/2022 16:17:58] "[37mGET /?__debugger__=yes&cmd=resource&f=style.css HTTP/1.1[0m" 200 -
INFO:werkzeug:127.0.0.1 - - [19/Feb/2022 16:17:58] "[37mGET /?__debugger__=yes&cmd=resource&f=jquery.js HTTP/1.1[0m" 200 -
INFO:werkzeug:127.0.0.1 - - [19/Feb/2022 16:17:58] "[37mGET /?__debugger__=yes&cmd=resource&f=debugger.js HTTP/1.1[0m" 200 -
INFO:werkzeug:127.0.0.1 - - [19/Feb/2022 16:17:58] "[37mGET /?__debugger__=yes&cmd=resource&f=console.png HTTP/1.1[0m" 200 -
INFO:werkzeug:127.0.0.1 - - [19/Feb/2022 16:17:58] "[37mGET /?__debugger__=yes&cmd=resource&f=console.png HTTP/1.1[0m" 200 -
DEBUG:root:Querying User with Handle pratkpranav:
DEBUG:root:
                        SELECT *
                        FROM users
                        WHERE users.handle = 'pratkpranav';
                   
DEBUG:root:[('pratkpranav', 'Pratik', 'Pranav', 'India', '1500', 0, 'sha256$Pthbq0p0$48c4cd6f4281a21f0d33cc1e737b68bcc82106f34e0ded16dc579a32343b4b7b')]
INFO:werkzeug:127.0.0.1 - - [19/Feb/2022 16:18:31] "[37mGET / HTTP/1.1[0m" 200 -
DEBUG:root:User: pratkpranav profile was requested
DEBUG:root:Querying User with Handle pratkpranav:
DEBUG:root:
                        SELECT *
                        FROM users
                        WHERE users.handle = 'pratkpranav';
                   
DEBUG:root:[('pratkpranav', 'Pratik', 'Pranav', 'India', '1500', 0, 'sha256$Pthbq0p0$48c4cd6f4281a21f0d33cc1e737b68bcc82106f34e0ded16dc579a32343b4b7b')]
INFO:werkzeug:127.0.0.1 - - [19/Feb/2022 16:18:33] "[37mGET /profile/pratkpranav/home HTTP/1.1[0m" 200 -
DEBUG:root:User: pratkpranav blogs was requested
DEBUG:root:Querying User with Handle pratkpranav:
DEBUG:root:
                        SELECT *
                        FROM users
                        WHERE users.handle = 'pratkpranav';
                   
DEBUG:root:[('pratkpranav', 'Pratik', 'Pranav', 'India', '1500', 0, 'sha256$Pthbq0p0$48c4cd6f4281a21f0d33cc1e737b68bcc82106f34e0ded16dc579a32343b4b7b')]
INFO:werkzeug:127.0.0.1 - - [19/Feb/2022 16:18:35] "[37mGET /profile/pratkpranav/blog HTTP/1.1[0m" 200 -
DEBUG:root:User: pratkpranav submission was requested
DEBUG:root:Querying User with Handle pratkpranav:
DEBUG:root:
                        SELECT *
                        FROM users
                        WHERE users.handle = 'pratkpranav';
                   
DEBUG:root:[('pratkpranav', 'Pratik', 'Pranav', 'India', '1500', 0, 'sha256$Pthbq0p0$48c4cd6f4281a21f0d33cc1e737b68bcc82106f34e0ded16dc579a32343b4b7b')]
INFO:werkzeug:127.0.0.1 - - [19/Feb/2022 16:18:36] "[37mGET /profile/pratkpranav/submission HTTP/1.1[0m" 200 -
DEBUG:root:User: pratkpranav contests was requested
DEBUG:root:Querying User with Handle pratkpranav:
DEBUG:root:
                        SELECT *
                        FROM users
                        WHERE users.handle = 'pratkpranav';
                   
DEBUG:root:[('pratkpranav', 'Pratik', 'Pranav', 'India', '1500', 0, 'sha256$Pthbq0p0$48c4cd6f4281a21f0d33cc1e737b68bcc82106f34e0ded16dc579a32343b4b7b')]
INFO:werkzeug:127.0.0.1 - - [19/Feb/2022 16:18:37] "[37mGET /profile/pratkpranav/contest HTTP/1.1[0m" 200 -
DEBUG:root:User: pratkpranav friends was requested
DEBUG:root:Querying User with Handle pratkpranav:
DEBUG:root:
                        SELECT *
                        FROM users
                        WHERE users.handle = 'pratkpranav';
                   
DEBUG:root:[('pratkpranav', 'Pratik', 'Pranav', 'India', '1500', 0, 'sha256$Pthbq0p0$48c4cd6f4281a21f0d33cc1e737b68bcc82106f34e0ded16dc579a32343b4b7b')]
INFO:werkzeug:127.0.0.1 - - [19/Feb/2022 16:18:37] "[37mGET /profile/pratkpranav/friend HTTP/1.1[0m" 200 -
DEBUG:root:User: pratkpranav profile was requested
DEBUG:root:Querying User with Handle pratkpranav:
DEBUG:root:
                        SELECT *
                        FROM users
                        WHERE users.handle = 'pratkpranav';
                   
DEBUG:root:[('pratkpranav', 'Pratik', 'Pranav', 'India', '1500', 0, 'sha256$Pthbq0p0$48c4cd6f4281a21f0d33cc1e737b68bcc82106f34e0ded16dc579a32343b4b7b')]
INFO:werkzeug:127.0.0.1 - - [19/Feb/2022 16:18:38] "[37mGET /profile/pratkpranav/home HTTP/1.1[0m" 200 -
DEBUG:root:User: pratkpranav blogs was requested
DEBUG:root:Querying User with Handle pratkpranav:
DEBUG:root:
                        SELECT *
                        FROM users
                        WHERE users.handle = 'pratkpranav';
                   
DEBUG:root:[('pratkpranav', 'Pratik', 'Pranav', 'India', '1500', 0, 'sha256$Pthbq0p0$48c4cd6f4281a21f0d33cc1e737b68bcc82106f34e0ded16dc579a32343b4b7b')]
INFO:werkzeug:127.0.0.1 - - [19/Feb/2022 16:38:27] "[37mGET /profile/pratkpranav/blog HTTP/1.1[0m" 200 -
DEBUG:root:User: pratkpranav submission was requested
DEBUG:root:Querying User with Handle pratkpranav:
DEBUG:root:
                        SELECT *
                        FROM users
                        WHERE users.handle = 'pratkpranav';
                   
DEBUG:root:[('pratkpranav', 'Pratik', 'Pranav', 'India', '1500', 0, 'sha256$Pthbq0p0$48c4cd6f4281a21f0d33cc1e737b68bcc82106f34e0ded16dc579a32343b4b7b')]
INFO:werkzeug:127.0.0.1 - - [19/Feb/2022 16:38:28] "[37mGET /profile/pratkpranav/submission HTTP/1.1[0m" 200 -
DEBUG:root:User: pratkpranav contests was requested
DEBUG:root:Querying User with Handle pratkpranav:
DEBUG:root:
                        SELECT *
                        FROM users
                        WHERE users.handle = 'pratkpranav';
                   
DEBUG:root:[('pratkpranav', 'Pratik', 'Pranav', 'India', '1500', 0, 'sha256$Pthbq0p0$48c4cd6f4281a21f0d33cc1e737b68bcc82106f34e0ded16dc579a32343b4b7b')]
INFO:werkzeug:127.0.0.1 - - [19/Feb/2022 16:38:28] "[37mGET /profile/pratkpranav/contest HTTP/1.1[0m" 200 -
DEBUG:root:User: pratkpranav friends was requested
DEBUG:root:Querying User with Handle pratkpranav:
DEBUG:root:
                        SELECT *
                        FROM users
                        WHERE users.handle = 'pratkpranav';
                   
DEBUG:root:[('pratkpranav', 'Pratik', 'Pranav', 'India', '1500', 0, 'sha256$Pthbq0p0$48c4cd6f4281a21f0d33cc1e737b68bcc82106f34e0ded16dc579a32343b4b7b')]
INFO:werkzeug:127.0.0.1 - - [19/Feb/2022 16:38:29] "[37mGET /profile/pratkpranav/friend HTTP/1.1[0m" 200 -
DEBUG:root:User: pratkpranav profile was requested
DEBUG:root:Querying User with Handle pratkpranav:
DEBUG:root:
                        SELECT *
                        FROM users
                        WHERE users.handle = 'pratkpranav';
                   
DEBUG:root:[('pratkpranav', 'Pratik', 'Pranav', 'India', '1500', 0, 'sha256$Pthbq0p0$48c4cd6f4281a21f0d33cc1e737b68bcc82106f34e0ded16dc579a32343b4b7b')]
INFO:werkzeug:127.0.0.1 - - [19/Feb/2022 16:38:30] "[37mGET /profile/pratkpranav/home HTTP/1.1[0m" 200 -
